Using pre-set license
Built from '2020.3/staging' branch; Version is '2020.3.8f1 (507919d4fff5) revision 5273881'; Using compiler version '192528614'; Build Type 'Release'
OS: 'Windows 10 Home Single Language; OS build 19042.964; Version 2009; 64bit' Language: 'en' Physical Memory: 7834 MB
BatchMode: 1, IsHumanControllingUs: 0, StartBugReporterOnCrash: 0, Is64bit: 1, IsPro: 0

 COMMAND LINE ARGUMENTS:
C:\Program Files\Unity\Editor\Unity.exe
-adb2
-batchMode
-noUpm
-name
AssetImportWorker0
-projectPath
C:/Users/HP/ARVirtualButton
-logFile
Logs/AssetImportWorker0.log
-srvPort
61715
Successfully changed project path to: C:/Users/HP/ARVirtualButton
C:/Users/HP/ARVirtualButton
Using Asset Import Pipeline V2.
Refreshing native plugins compatible for Editor in 89.48 ms, found 4 plugins.
Preloading 1 native plugins for Editor in 5.68 ms.
Initialize engine version: 2020.3.8f1 (507919d4fff5)
[Subsystems] Discovering subsystems at path C:/Program Files/Unity/Editor/Data/Resources/UnitySubsystems
[Subsystems] Discovering subsystems at path C:/Users/HP/ARVirtualButton/Assets
GfxDevice: creating device client; threaded=0
Direct3D:
    Version:  Direct3D 11.0 [level 11.1]
    Renderer: Intel(R) Iris(R) Xe Graphics (ID=0x9a49)
    Vendor:   
    VRAM:     3917 MB
    Driver:   27.20.100.8935
Shader 'PointClouds/PointSplat': fallback shader 'PointClouds/PointSplatLegacy' not found
Initialize mono
Mono path[0] = 'C:/Program Files/Unity/Editor/Data/Managed'
Mono path[1] = 'C:/Program Files/Unity/Editor/Data/MonoBleedingEdge/lib/mono/unityjit'
Mono config path = 'C:/Program Files/Unity/Editor/Data/MonoBleedingEdge/etc'
Using monoOptions --debugger-agent=transport=dt_socket,embedding=1,server=y,suspend=n,address=127.0.0.1:56372
Begin MonoManager ReloadAssembly
Registering precompiled unity dll's ...
Register platform support module: C:/Program Files/Unity/Editor/Data/PlaybackEngines/WindowsStandaloneSupport/UnityEditor.WindowsStandalone.Extensions.dll
Registered in 0.004218 seconds.
Native extension for WindowsStandalone target not found
Refreshing native plugins compatible for Editor in 69.08 ms, found 4 plugins.
Preloading 1 native plugins for Editor in 0.14 ms.
Mono: successfully reloaded assembly
- Completed reload, in  2.268 seconds
Platform modules already initialized, skipping
Registering precompiled user dll's ...
Registered in 0.019498 seconds.
Begin MonoManager ReloadAssembly
Native extension for WindowsStandalone target not found
Refreshing native plugins compatible for Editor in 0.96 ms, found 4 plugins.
Preloading 1 native plugins for Editor in 0.16 ms.
System.NullReferenceException: Object reference not set to an instance of an object
  at Vuforia.EditorClasses.ExtensionTypeProvider.GetVuforiaPackageAbsPath () [0x0004a] in <664162e2bf7f40388b13ee61d1693ae2>:0 
  at Vuforia.EditorClasses.ExtensionTypeProvider.IsPackageManager () [0x00000] in <664162e2bf7f40388b13ee61d1693ae2>:0 
  at Vuforia.EditorClasses.ExtensionTypeProvider.ResolvePluginType () [0x00009] in <664162e2bf7f40388b13ee61d1693ae2>:0 
  at Vuforia.EditorClasses.ExtensionTypeProvider.GetPluginType () [0x0000c] in <664162e2bf7f40388b13ee61d1693ae2>:0 
  at Vuforia.EditorClasses.VuforiaUtilities.IsVuforiaEnabledInPlayerSettings () [0x00000] in <664162e2bf7f40388b13ee61d1693ae2>:0 
  at VuforiaEnabledObserver..cctor () [0x00000] in <664162e2bf7f40388b13ee61d1693ae2>:0 
UnityEngine.StackTraceUtility:ExtractStackTrace ()
UnityEngine.DebugLogHandler:LogFormat (UnityEngine.LogType,UnityEngine.Object,string,object[])
UnityEngine.Logger:Log (UnityEngine.LogType,object)
UnityEngine.Debug:LogError (object)
UnityEditor.EditorAssemblies:ProcessInitializeOnLoadAttributes (System.Type[])

System.NullReferenceException: Object reference not set to an instance of an object
  at Vuforia.EditorClasses.ExtensionTypeProvider.GetVuforiaPackageAbsPath () [0x0004a] in <664162e2bf7f40388b13ee61d1693ae2>:0 
  at Vuforia.EditorClasses.ExtensionTypeProvider.IsPackageManager () [0x00000] in <664162e2bf7f40388b13ee61d1693ae2>:0 
  at Vuforia.EditorClasses.ExtensionTypeProvider.ResolvePluginType () [0x00009] in <664162e2bf7f40388b13ee61d1693ae2>:0 
  at Vuforia.EditorClasses.ExtensionTypeProvider.GetPluginType () [0x0000c] in <664162e2bf7f40388b13ee61d1693ae2>:0 
  at Vuforia.EditorClasses.VuforiaUtilities.IsVuforiaEnabledInPlayerSettings () [0x00000] in <664162e2bf7f40388b13ee61d1693ae2>:0 
  at Vuforia.EditorClasses.InitializeOnLoadVuforiaTaskRunner..cctor () [0x00015] in <664162e2bf7f40388b13ee61d1693ae2>:0 
UnityEngine.StackTraceUtility:ExtractStackTrace ()
UnityEngine.DebugLogHandler:LogFormat (UnityEngine.LogType,UnityEngine.Object,string,object[])
UnityEngine.Logger:Log (UnityEngine.LogType,object)
UnityEngine.Debug:LogError (object)
UnityEditor.EditorAssemblies:ProcessInitializeOnLoadAttributes (System.Type[])

Mono: successfully reloaded assembly
- Completed reload, in  2.073 seconds
Platform modules already initialized, skipping
========================================================================
Worker process is ready to serve import requests
Shader 'PointClouds/PointSplat': fallback shader 'PointClouds/PointSplatLegacy' not found
Launched and connected shader compiler UnityShaderCompiler.exe after 0.08 seconds
Refreshing native plugins compatible for Editor in 0.85 ms, found 4 plugins.
Preloading 1 native plugins for Editor in 0.14 ms.
Unloading 1451 Unused Serialized files (Serialized files now loaded: 0)
System memory in use before: 69.4 MB.
System memory in use after: 69.5 MB.

Unloading 47 unused Assets to reduce memory usage. Loaded Objects now: 2141.
Total: 4.211500 ms (FindLiveObjects: 0.213300 ms CreateObjectMapping: 0.095000 ms MarkObjects: 3.666700 ms  DeleteObjects: 0.234000 ms)

========================================================================
Received Import Request.
  path: Assets/DataFiles/Scripts/VirtualButtonScript.cs
  artifactKey: Guid(459dc19ccffdef248ab389db38cff916) Importer(815301076,1909f56bfc062723c751e8b465ee728b)
Start importing Assets/DataFiles/Scripts/VirtualButtonScript.cs using Guid(459dc19ccffdef248ab389db38cff916) Importer(815301076,1909f56bfc062723c751e8b465ee728b)  -> (artifact id: '884a6e19a42544bf83f09090253e1284') in 0.046064 seconds
  Import took 0.051151 seconds .

AssetImportWorkerClient::OnTransportError - code=2 error=End of file
